<?xml version="1.0" encoding="UTF-8"?>
<!-- Generated by org.testng.reporters.JUnitReportReporter -->
<testsuite skipped="0" hostname="LAPTOP-A6O5KC9N" name="Automation_TestNg.TestNg" tests="1" failures="0" timestamp="15 May 2019 12:55:20 GMT" time="5.064" errors="0">
  <testcase name="f" time="5.064" classname="Automation_TestNg.TestNg"/>
</testsuite> <!-- Automation_TestNg.TestNg -->
